<?xml version="1.0" encoding="UTF-8"?>
<testng-results ignored="0" total="1" passed="1" failed="0" skipped="0">
  <reporter-output>
  </reporter-output>
  <suite started-at="2021-08-23T14:13:19 IST" name="Default suite" finished-at="2021-08-23T14:14:20 IST" duration-ms="60419">
    <groups>
    </groups>
    <test started-at="2021-08-23T14:13:19 IST" name="Default test" finished-at="2021-08-23T14:14:20 IST" duration-ms="60419">
      <class name="com.selenium.Selenium5.OpenCart">
        <test-method signature="setup()[pri:0, instance:com.selenium.Selenium5.OpenCart@503d687a]" started-at="2021-08-23T14:13:19 IST" name="setup" finished-at="2021-08-23T14:14:20 IST" duration-ms="60364" status="PASS">
          <reporter-output>
          </reporter-output>
        </test-method> <!-- setup -->
      </class> <!-- com.selenium.Selenium5.OpenCart -->
    </test> <!-- Default test -->
  </suite> <!-- Default suite -->
</testng-results>
